All interest rates below are on the basis of semi-annual compounding.
Input_Data
   type = Call (Convertible)
   Outputs
      Input_Data = true
      Lattice_Parameters = true
      Full_Lattice = true
      Option_Results = true
      Bond_Results = true
   Computational_Parameters
      No_of_Lattice_Points = 6
      Vega_Computation = centralDifferences
      YTM_Computation = true
      YTM_Tolerance = 0.01
      YTM_Iteration_Limit = 20
      Lattice_Discounting = 
   Stock
      Unadjusted_Stock_Price = 8.19
      Country-Discount_on_Stock_Price_Percent = 15
      Discounted_Stock_Price = 6.9615
      Dividend_Yield_Percent = 1.75699
      Known_Dividends
   Option
      Exercise_Price = 9.18
      Earliest_Exercise = 0.5
      Latest_Exercise = 6
      Volatility_Percent = 30
      Riskfree_Rate_Percent = 5.25
   Bond
      Residual_Bond_Maturity_in_Years = 6
      Coupon_Rate_Percent = 3.5
      Coupon_Frequency_per_Year = 1
      Required_Yield_Percent = 8.75
      Redemption_Value_Percent_of_Face_Value = 100
      Bond_Price = 104.999
   Call_Provisions
      [Min_Time = 3.5  Max_Time = 6  Price = 12.85  Redeem = 100]
      [Min_Time = 5.5  Max_Time = 6  Price = 0  Redeem = 100]
   Put_Provisions
      [Min_Time = 5.5  Max_Time = 5.5  Yield_to_Put_Percent = 5.9126]
   Expected_Currency_Appreciation
      Dividends = 0
      Coupons = 0
      Redemption = 0
      Call_Price_Limits = 0
      Call_Redemption_Values = 0
      Put_Prices = 0
Lattice_Paramaters
   No_of_Lattice_Points = 6
   Present_Value_of_Discrete_Dividends = 0
   Stock_Price_Adjusted_for_Dividends = 6.9615
   Continously_Compounded_Riskfree_Rate = 0.0518228
   Continously_Compounded_Dividend_Rate = 0.0174932
   Continously_Compounded_Net_Growth_Rate = 0.0343296
   u = 1.34986
   d = 0.740818
   p = 0.482903
Full_Lattice
   Bond_Redemption_Value = 9.18
   Step = 6.  Time = 6.  Coupons = 0.3213.  
      [S = 42.1146  VB = 0.321300  VO = 42.114621  V = 42.435921  Action = Exercised]
      [S = 23.113  VB = 0.321300  VO = 23.112994  V = 23.434294  Action = Exercised]
      [S = 12.6847  VB = 0.321300  VO = 12.684680  V = 13.005980  Action = Exercised]
      [S = 6.9615  VB = 11.102136  VO = 0.000000  V = 11.102136  Action = Put]
      [S = 3.82055  VB = 11.102136  VO = 0.000000  V = 11.102136  Action = Put]
      [S = 2.09676  VB = 11.102136  VO = 0.000000  V = 11.102136  Action = Put]
      [S = 1.15073  VB = 11.102136  VO = 0.000000  V = 11.102136  Action = Put]
   Step = 5.  Time = 5.  Coupons = 0.3213.  
      [S = 31.1993  VB = 0.321300  VO = 31.199278  V = 31.520578  Action = Exercised]
      [S = 17.1225  VB = 0.321300  VO = 17.122527  V = 17.443827  Action = Exercised]
      [S = 9.39704  VB = 5.733420  VO = 5.816115  V = 11.549534]
      [S = 5.15721  VB = 10.512224  VO = 0.000000  V = 10.512224]
      [S = 2.83033  VB = 10.512224  VO = 0.000000  V = 10.512224]
      [S = 1.55332  VB = 10.512224  VO = 0.000000  V = 10.512224]
   Step = 4.  Time = 4.  Coupons = 0.3213.  
      [S = 23.113  VB = 0.321300  VO = 23.112994  V = 23.434294  Action = Exercised]
      [S = 12.6847  VB = 3.185125  VO = 10.706543  V = 13.891668]
      [S = 6.9615  VB = 7.852436  VO = 2.666775  V = 10.519211]
      [S = 3.82055  VB = 9.970729  VO = 0.000000  V = 9.970729]
      [S = 2.09676  VB = 9.970729  VO = 0.000000  V = 9.970729]
   Step = 3.  Time = 3.  Coupons = 0.3213.  
      [S = 17.1225  VB = 1.975562  VO = 15.854374  V = 17.829936]
      [S = 9.39704  VB = 5.460373  VO = 6.218449  V = 11.678821]
      [S = 5.15721  VB = 8.534705  VO = 1.222756  V = 9.757461]
      [S = 2.83033  VB = 9.473678  VO = 0.000000  V = 9.473678]
   Step = 2.  Time = 2.  Coupons = 0.3213.  
      [S = 12.6847  VB = 3.788804  VO = 10.322615  V = 14.111418]
      [S = 6.9615  VB = 6.792762  VO = 3.451603  V = 10.244365]
      [S = 3.82055  VB = 8.601205  VO = 0.560652  V = 9.161857]
   Step = 1.  Time = 1.  Coupons = 0.3213.  
      [S = 9.39704  VB = 5.224984  VO = 6.427748  V = 11.652732]
      [S = 5.15721  VB = 7.414932  VO = 1.857881  V = 9.272814]
   Step = 0.  Time = 0.  Coupons = 0.  
      [S = 6.9615  VB = 5.835614  VO = 3.859405  V = 9.695019]
Option_Results
   Bond_Convertible_into_One_Share_Face_Value = 9.18
   Bond_Convertible_into_One_Share_Straight_Value = 6.93527
   Bond_Convertible_into_One_Share_Option_Value = 2.75975
   Delta = 0.558381
   Gamma = 0.0746919
   Vega = 5.99783
Bond_Value_Results
   Bond_Value = 105.61
   Straight_Bond_Value = 75.5476
   Option_Value = 30.0626
YTM
   Bond_Price = 104.999
   YTM_Percent = 8.93866
   OAS_Basis_Points = 369
